#
# There is insufficient memory for the Java Runtime Environment to continue.
# Native memory allocation (malloc) failed to allocate 905136 bytes for Chunk::new
# Possible reasons:
#   The system is out of physical RAM or swap space
#   The process is running with CompressedOops enabled, and the Java Heap may be blocking the growth of the native heap
# Possible solutions:
#   Reduce memory load on the system
#   Increase physical memory or swap space
#   Check if swap backing store is full
#   Decrease Java heap size (-Xmx/-Xms)
#   Decrease number of Java threads
#   Decrease Java thread stack sizes (-Xss)
#   Set larger code cache with -XX:ReservedCodeCacheSize=
#   JVM is running with Unscaled Compressed Oops mode in which the Java heap is
#     placed in the first 4GB address space. The Java Heap base address is the
#     maximum limit for the native heap growth. Please use -XX:HeapBaseMinAddress
#     to set the Java Heap base and to place the Java Heap above 4GB virtual address.
# This output file may be truncated or incomplete.
#
#  Out of Memory Error (t:/workspace/open/src/hotspot/share/memory/arena.cpp:198), pid=2808, tid=15160
#
# JRE version: Java(TM) SE Runtime Environment (10.0.1+10) (build 10.0.1+10)
# Java VM: Java HotSpot(TM) 64-Bit Server VM (10.0.1+10, mixed mode, tiered, compressed oops, g1 gc, windows-amd64)
# No core dump will be written. Minidumps are not enabled by default on client versions of Windows
#

---------------  S U M M A R Y ------------

Command Line: -Dclassworlds.conf=C:/Users/Ken Guan/Downloads/apache-maven-3.6.0-bin.tar/apache-maven-3.6.0-bin/apache-maven-3.6.0/bin/m2.conf -Dmaven.home=C:/Users/Ken Guan/Downloads/apache-maven-3.6.0-bin.tar/apache-maven-3.6.0-bin/apache-maven-3.6.0 -Dlibrary.jansi.path=C:/Users/Ken Guan/Downloads/apache-maven-3.6.0-bin.tar/apache-maven-3.6.0-bin/apache-maven-3.6.0/lib/jansi-native -Dmaven.multiModuleProjectDirectory=C:/Users/Ken Guan/Desktop/School/Stuff/HashWolf2/HashWolf2_BackEnd/hashwolf2 org.codehaus.plexus.classworlds.launcher.Launcher clean spring-boot:run

Host: Intel(R) Core(TM) i7-8550U CPU @ 1.80GHz, 8 cores, 7G,  Windows 10 , 64 bit Build 17134 (10.0.17134.753)
Time: Sun Oct 06 14:43:41 2019 Pacific Daylight Time elapsed time: 11581 seconds (0d 3h 13m 1s)

---------------  T H R E A D  ---------------

Current thread (0x000002bd25cd8000):  JavaThread "C2 CompilerThread0" daemon [_thread_in_native, id=15160, stack(0x000000fb07600000,0x000000fb07700000)]


Current CompileTask:
C2:11581233 9936       4       sun.security.util.AlgorithmDecomposer::decompose (336 bytes)

Stack: [0x000000fb07600000,0x000000fb07700000]
Native frames: (J=compiled Java code, j=interpreted, Vv=VM code, C=native code)
V  [jvm.dll+0x5a0369]
V  [jvm.dll+0x6bcf81]
V  [jvm.dll+0x6be176]
V  [jvm.dll+0x6be803]
V  [jvm.dll+0x234998]
V  [jvm.dll+0xbb92c]
V  [jvm.dll+0xbbe2c]
V  [jvm.dll+0x2a67b4]
V  [jvm.dll+0x4bf92a]
V  [jvm.dll+0x201899]
V  [jvm.dll+0x1feff1]
V  [jvm.dll+0x17ca6b]
V  [jvm.dll+0x20c81d]
V  [jvm.dll+0x20b5e6]
V  [jvm.dll+0x68bb6f]
V  [jvm.dll+0x59f680]
C  [msvcr120.dll+0x24f7f]
C  [msvcr120.dll+0x25126]
C  [KERNEL32.DLL+0x14034]
C  [ntdll.dll+0x73691]


---------------  P R O C E S S  ---------------

Threads class SMR info:
_java_thread_list=0x000002bd2ce35f00, length=32, elements={
0x000002bd015d6800, 0x000002bd2545a800, 0x000002bd2545d800, 0x000002bd25cd0800,
0x000002bd25cd1000, 0x000002bd25cd8000, 0x000002bd25cda800, 0x000002bd25cdb800,
0x000002bd2546c000, 0x000002bd2546e800, 0x000002bd25eae000, 0x000002bd25eb4800,
0x000002bd2be6c800, 0x000002bd2be6c000, 0x000002bd2be6b000, 0x000002bd2891f000,
0x000002bd28924000, 0x000002bd2891e800, 0x000002bd28923000, 0x000002bd2891d800,
0x000002bd2891c800, 0x000002bd28926000, 0x000002bd28921800, 0x000002bd28927000,
0x000002bd28922000, 0x000002bd28924800, 0x000002bd28920000, 0x000002bd2892b800,
0x000002bd28927800, 0x000002bd28925800, 0x000002bd28920800, 0x000002bd28928800
}

Java Threads: ( => current thread )
  0x000002bd015d6800 JavaThread "main" [_thread_blocked, id=20512, stack(0x000000fb05c00000,0x000000fb05d00000)]
  0x000002bd2545a800 JavaThread "Reference Handler" daemon [_thread_blocked, id=20088, stack(0x000000fb07200000,0x000000fb07300000)]
  0x000002bd2545d800 JavaThread "Finalizer" daemon [_thread_blocked, id=17528, stack(0x000000fb07300000,0x000000fb07400000)]
  0x000002bd25cd0800 JavaThread "Signal Dispatcher" daemon [_thread_blocked, id=2364, stack(0x000000fb07400000,0x000000fb07500000)]
  0x000002bd25cd1000 JavaThread "Attach Listener" daemon [_thread_blocked, id=21836, stack(0x000000fb07500000,0x000000fb07600000)]
=>0x000002bd25cd8000 JavaThread "C2 CompilerThread0" daemon [_thread_in_native, id=15160, stack(0x000000fb07600000,0x000000fb07700000)]
  0x000002bd25cda800 JavaThread "C2 CompilerThread1" daemon [_thread_blocked, id=4972, stack(0x000000fb07700000,0x000000fb07800000)]
  0x000002bd25cdb800 JavaThread "C2 CompilerThread2" daemon [_thread_blocked, id=4160, stack(0x000000fb07800000,0x000000fb07900000)]
  0x000002bd2546c000 JavaThread "C1 CompilerThread3" daemon [_thread_blocked, id=20980, stack(0x000000fb07900000,0x000000fb07a00000)]
  0x000002bd2546e800 JavaThread "Sweeper thread" daemon [_thread_blocked, id=11224, stack(0x000000fb07a00000,0x000000fb07b00000)]
  0x000002bd25eae000 JavaThread "Service Thread" daemon [_thread_blocked, id=1980, stack(0x000000fb07b00000,0x000000fb07c00000)]
  0x000002bd25eb4800 JavaThread "Common-Cleaner" daemon [_thread_blocked, id=5908, stack(0x000000fb07c00000,0x000000fb07d00000)]
  0x000002bd2be6c800 JavaThread "Catalina-utility-1" [_thread_blocked, id=11976, stack(0x000000fb07f00000,0x000000fb08000000)]
  0x000002bd2be6c000 JavaThread "Catalina-utility-2" [_thread_blocked, id=17028, stack(0x000000fb08000000,0x000000fb08100000)]
  0x000002bd2be6b000 JavaThread "container-0" [_thread_blocked, id=18356, stack(0x000000fb08100000,0x000000fb08200000)]
  0x000002bd2891f000 JavaThread "mysql-cj-abandoned-connection-cleanup" daemon [_thread_blocked, id=17216, stack(0x000000fb08200000,0x000000fb08300000)]
  0x000002bd28924000 JavaThread "HikariPool-1 housekeeper" daemon [_thread_blocked, id=14024, stack(0x000000fb08400000,0x000000fb08500000)]
  0x000002bd2891e800 JavaThread "http-nio-8080-BlockPoller" daemon [_thread_in_native, id=17400, stack(0x000000fb08600000,0x000000fb08700000)]
  0x000002bd28923000 JavaThread "http-nio-8080-exec-1" daemon [_thread_blocked, id=15384, stack(0x000000fb08700000,0x000000fb08800000)]
  0x000002bd2891d800 JavaThread "http-nio-8080-exec-2" daemon [_thread_blocked, id=22500, stack(0x000000fb08800000,0x000000fb08900000)]
  0x000002bd2891c800 JavaThread "http-nio-8080-exec-3" daemon [_thread_blocked, id=11720, stack(0x000000fb08900000,0x000000fb08a00000)]
  0x000002bd28926000 JavaThread "http-nio-8080-exec-4" daemon [_thread_blocked, id=20308, stack(0x000000fb08a00000,0x000000fb08b00000)]
  0x000002bd28921800 JavaThread "http-nio-8080-exec-5" daemon [_thread_blocked, id=16832, stack(0x000000fb08b00000,0x000000fb08c00000)]
  0x000002bd28927000 JavaThread "http-nio-8080-exec-6" daemon [_thread_blocked, id=2284, stack(0x000000fb08c00000,0x000000fb08d00000)]
  0x000002bd28922000 JavaThread "http-nio-8080-exec-7" daemon [_thread_blocked, id=6492, stack(0x000000fb08d00000,0x000000fb08e00000)]
  0x000002bd28924800 JavaThread "http-nio-8080-exec-8" daemon [_thread_blocked, id=5920, stack(0x000000fb08e00000,0x000000fb08f00000)]
  0x000002bd28920000 JavaThread "http-nio-8080-exec-9" daemon [_thread_blocked, id=1116, stack(0x000000fb08f00000,0x000000fb09000000)]
  0x000002bd2892b800 JavaThread "http-nio-8080-exec-10" daemon [_thread_blocked, id=6696, stack(0x000000fb09000000,0x000000fb09100000)]
  0x000002bd28927800 JavaThread "http-nio-8080-ClientPoller" daemon [_thread_in_native, id=15836, stack(0x000000fb09100000,0x000000fb09200000)]
  0x000002bd28925800 JavaThread "http-nio-8080-Acceptor" daemon [_thread_in_native, id=19364, stack(0x000000fb09200000,0x000000fb09300000)]
  0x000002bd28920800 JavaThread "HikariPool-1 connection closer" daemon [_thread_blocked, id=17012, stack(0x000000fb05800000,0x000000fb05900000)]
  0x000002bd28928800 JavaThread "HikariPool-1 connection adder" daemon [_thread_blocked, id=24880, stack(0x000000fb05900000,0x000000fb05a00000)]

Other Threads:
  0x000002bd25455000 VMThread "VM Thread" [stack: 0x000000fb07100000,0x000000fb07200000] [id=4576]
  0x000002bd25eb5000 WatcherThread [stack: 0x000000fb07d00000,0x000000fb07e00000] [id=14792]
  0x000002bd015eb000 GCTaskThread "GC Thread#0" [stack: 0x000000fb05d00000,0x000000fb05e00000] [id=20688]
  0x000002bd015ec800 GCTaskThread "GC Thread#1" [stack: 0x000000fb05e00000,0x000000fb05f00000] [id=17648]
  0x000002bd015ee000 GCTaskThread "GC Thread#2" [stack: 0x000000fb05f00000,0x000000fb06000000] [id=17228]
  0x000002bd015f1800 GCTaskThread "GC Thread#3" [stack: 0x000000fb06000000,0x000000fb06100000] [id=21300]
  0x000002bd015f3800 GCTaskThread "GC Thread#4" [stack: 0x000000fb06100000,0x000000fb06200000] [id=13812]
  0x000002bd015fe800 GCTaskThread "GC Thread#5" [stack: 0x000000fb06200000,0x000000fb06300000] [id=20564]
  0x000002bd01602000 GCTaskThread "GC Thread#6" [stack: 0x000000fb06300000,0x000000fb06400000] [id=624]
  0x000002bd01607000 GCTaskThread "GC Thread#7" [stack: 0x000000fb06400000,0x000000fb06500000] [id=9152]
  0x000002bd01676000 ConcurrentGCThread "G1 Main Marker" [stack: 0x000000fb06500000,0x000000fb06600000] [id=15124]
  0x000002bd01601800 ConcurrentGCThread "G1 Conc#0" [stack: 0x000000fb06600000,0x000000fb06700000] [id=17116]
  0x000002bd01608000 ConcurrentGCThread "G1 Conc#1" [stack: 0x000000fb06700000,0x000000fb06800000] [id=21536]
  0x000002bd252ca800 ConcurrentGCThread "G1 Refine#0" [stack: 0x000000fb06800000,0x000000fb06900000] [id=20180]
  0x000002bd252cb800 ConcurrentGCThread "G1 Refine#1" [stack: 0x000000fb06900000,0x000000fb06a00000] [id=14968]
  0x000002bd252cc800 ConcurrentGCThread "G1 Refine#2" [stack: 0x000000fb06a00000,0x000000fb06b00000] [id=4216]
  0x000002bd252d5800 ConcurrentGCThread "G1 Refine#3" [stack: 0x000000fb06b00000,0x000000fb06c00000] [id=21056]
  0x000002bd01606000 ConcurrentGCThread "G1 Refine#4" [stack: 0x000000fb06c00000,0x000000fb06d00000] [id=9488]
  0x000002bd01603000 ConcurrentGCThread "G1 Refine#5" [stack: 0x000000fb06d00000,0x000000fb06e00000] [id=17068]
  0x000002bd01604000 ConcurrentGCThread "G1 Refine#6" [stack: 0x000000fb06e00000,0x000000fb06f00000] [id=20676]
  0x000002bd01607800 ConcurrentGCThread "G1 Refine#7" [stack: 0x000000fb06f00000,0x000000fb07000000] [id=20788]
  0x000002bd252ef800 ConcurrentGCThread "G1 Young RemSet Sampling" [stack: 0x000000fb07000000,0x000000fb07100000] [id=20740]

Threads with active compile tasks:
C2 CompilerThread09936       4       sun.security.util.AlgorithmDecomposer::decompose (336 bytes)

VM state:not at safepoint (normal execution)

VM Mutex/Monitor currently owned by a thread: None

Heap address: 0x0000000082e00000, size: 2002 MB, Compressed Oops mode: 32-bit
Narrow klass base: 0x0000000000000000, Narrow klass shift: 3
Compressed class space size: 1073741824 Address: 0x0000000100000000

Heap:
 garbage-first heap   total 155648K, used 99120K [0x0000000082e00000, 0x0000000100000000)
  region size 1024K, 45 young (46080K), 7 survivors (7168K)
 Metaspace       used 91592K, capacity 93467K, committed 94284K, reserved 1132544K
  class space    used 10814K, capacity 11524K, committed 11648K, reserved 1048576K
Heap Regions: E=young(eden), S=young(survivor), O=old, HS=humongous(starts), HC=humongous(continues), CS=collection set, F=free, A=archive, TS=gc time stamp, AC=allocation context, TAMS=top-at-mark-start (previous, next)
|   0|0x0000000082e00000, 0x0000000082f00000, 0x0000000082f00000|100%| O|  |TS  0|AC  0|TAMS 0x0000000082f00000, 0x0000000082f00000|
|   1|0x0000000082f00000, 0x0000000083000000, 0x0000000083000000|100%| O|  |TS  0|AC  0|TAMS 0x0000000083000000, 0x0000000083000000|
|   2|0x0000000083000000, 0x0000000083100000, 0x0000000083100000|100%| O|  |TS  0|AC  0|TAMS 0x0000000083100000, 0x0000000083100000|
|   3|0x0000000083100000, 0x0000000083200000, 0x0000000083200000|100%| O|  |TS  0|AC  0|TAMS 0x0000000083200000, 0x0000000083200000|
|   4|0x0000000083200000, 0x0000000083300000, 0x0000000083300000|100%| O|  |TS  0|AC  0|TAMS 0x0000000083300000, 0x0000000083300000|
|   5|0x0000000083300000, 0x0000000083400000, 0x0000000083400000|100%| O|  |TS  0|AC  0|TAMS 0x0000000083400000, 0x0000000083400000|
|   6|0x0000000083400000, 0x0000000083500000, 0x0000000083500000|100%| O|  |TS  0|AC  0|TAMS 0x0000000083500000, 0x0000000083500000|
|   7|0x0000000083500000, 0x0000000083600000, 0x0000000083600000|100%| O|  |TS  0|AC  0|TAMS 0x0000000083600000, 0x0000000083600000|
|   8|0x0000000083600000, 0x0000000083700000, 0x0000000083700000|100%| O|  |TS  0|AC  0|TAMS 0x0000000083700000, 0x0000000083700000|
|   9|0x0000000083700000, 0x0000000083800000, 0x0000000083800000|100%| O|  |TS  0|AC  0|TAMS 0x0000000083800000, 0x0000000083800000|
|  10|0x0000000083800000, 0x0000000083900000, 0x0000000083900000|100%| O|  |TS  0|AC  0|TAMS 0x0000000083900000, 0x0000000083900000|
|  11|0x0000000083900000, 0x0000000083a00000, 0x0000000083a00000|100%| O|  |TS  0|AC  0|TAMS 0x0000000083a00000, 0x0000000083a00000|
|  12|0x0000000083a00000, 0x0000000083b00000, 0x0000000083b00000|100%| O|  |TS  0|AC  0|TAMS 0x0000000083b00000, 0x0000000083b00000|
|  13|0x0000000083b00000, 0x0000000083c00000, 0x0000000083c00000|100%| O|  |TS  0|AC  0|TAMS 0x0000000083c00000, 0x0000000083c00000|
|  14|0x0000000083c00000, 0x0000000083d00000, 0x0000000083d00000|100%| O|  |TS  0|AC  0|TAMS 0x0000000083d00000, 0x0000000083d00000|
|  15|0x0000000083d00000, 0x0000000083e00000, 0x0000000083e00000|100%| O|  |TS  0|AC  0|TAMS 0x0000000083e00000, 0x0000000083e00000|
|  16|0x0000000083e00000, 0x0000000083e00000, 0x0000000083f00000|  0%| F|  |TS  2|AC  0|TAMS 0x0000000083e00000, 0x0000000083e00000|
|  17|0x0000000083f00000, 0x0000000084000000, 0x0000000084000000|100%| O|  |TS  0|AC  0|TAMS 0x0000000084000000, 0x0000000084000000|
|  18|0x0000000084000000, 0x0000000084100000, 0x0000000084100000|100%| O|  |TS  0|AC  0|TAMS 0x0000000084100000, 0x0000000084100000|
|  19|0x0000000084100000, 0x0000000084200000, 0x0000000084200000|100%| O|  |TS  0|AC  0|TAMS 0x0000000084200000, 0x0000000084200000|
|  20|0x0000000084200000, 0x0000000084300000, 0x0000000084300000|100%| O|  |TS  0|AC  0|TAMS 0x0000000084300000, 0x0000000084300000|
|  21|0x0000000084300000, 0x0000000084400000, 0x0000000084400000|100%| O|  |TS  0|AC  0|TAMS 0x0000000084400000, 0x0000000084400000|
|  22|0x0000000084400000, 0x0000000084500000, 0x0000000084500000|100%| O|  |TS  0|AC  0|TAMS 0x0000000084500000, 0x0000000084500000|
|  23|0x0000000084500000, 0x0000000084600000, 0x0000000084600000|100%| O|  |TS  1|AC  0|TAMS 0x0000000084500000, 0x0000000084500000|
|  24|0x0000000084600000, 0x0000000084700000, 0x0000000084700000|100%| O|  |TS  0|AC  0|TAMS 0x0000000084700000, 0x0000000084700000|
|  25|0x0000000084700000, 0x0000000084800000, 0x0000000084800000|100%| O|  |TS  0|AC  0|TAMS 0x0000000084800000, 0x0000000084800000|
|  26|0x0000000084800000, 0x0000000084900000, 0x0000000084900000|100%| O|  |TS  0|AC  0|TAMS 0x0000000084900000, 0x0000000084900000|
|  27|0x0000000084900000, 0x0000000084a00000, 0x0000000084a00000|100%| O|  |TS  0|AC  0|TAMS 0x0000000084a00000, 0x0000000084a00000|
|  28|0x0000000084a00000, 0x0000000084b00000, 0x0000000084b00000|100%| O|  |TS  1|AC  0|TAMS 0x0000000084a00000, 0x0000000084a00000|
|  29|0x0000000084b00000, 0x0000000084c00000, 0x0000000084c00000|100%| O|  |TS  0|AC  0|TAMS 0x0000000084c00000, 0x0000000084c00000|
|  30|0x0000000084c00000, 0x0000000084d00000, 0x0000000084d00000|100%| O|  |TS  0|AC  0|TAMS 0x0000000084d00000, 0x0000000084d00000|
|  31|0x0000000084d00000, 0x0000000084e00000, 0x0000000084e00000|100%| O|  |TS  0|AC  0|TAMS 0x0000000084e00000, 0x0000000084e00000|
|  32|0x0000000084e00000, 0x0000000084f00000, 0x0000000084f00000|100%| O|  |TS  0|AC  0|TAMS 0x0000000084f00000, 0x0000000084f00000|
|  33|0x0000000084f00000, 0x0000000085000000, 0x0000000085000000|100%| O|  |TS  1|AC  0|TAMS 0x0000000084f00000, 0x0000000084f00000|
|  34|0x0000000085000000, 0x0000000085100000, 0x0000000085100000|100%| O|  |TS  0|AC  0|TAMS 0x0000000085100000, 0x0000000085100000|
|  35|0x0000000085100000, 0x0000000085200000, 0x0000000085200000|100%| O|  |TS  0|AC  0|TAMS 0x0000000085200000, 0x0000000085200000|
|  36|0x0000000085200000, 0x0000000085300000, 0x0000000085300000|100%| O|  |TS  0|AC  0|TAMS 0x0000000085300000, 0x0000000085300000|
|  37|0x0000000085300000, 0x0000000085300000, 0x0000000085400000|  0%| F|  |TS  2|AC  0|TAMS 0x0000000085300000, 0x0000000085300000|
|  38|0x0000000085400000, 0x0000000085500000, 0x0000000085500000|100%| O|  |TS  2|AC  0|TAMS 0x0000000085400000, 0x0000000085400000|
|  39|0x0000000085500000, 0x0000000085600000, 0x0000000085600000|100%| O|  |TS  2|AC  0|TAMS 0x0000000085500000, 0x0000000085500000|
|  40|0x0000000085600000, 0x0000000085700000, 0x0000000085700000|100%| O|  |TS  0|AC  0|TAMS 0x0000000085700000, 0x0000000085700000|
|  41|0x0000000085700000, 0x0000000085800000, 0x0000000085800000|100%| O|  |TS  0|AC  0|TAMS 0x0000000085800000, 0x0000000085800000|
|  42|0x0000000085800000, 0x0000000085900000, 0x0000000085900000|100%|HS|  |TS  0|AC  0|TAMS 0x0000000085900000, 0x0000000085900000|
|  43|0x0000000085900000, 0x0000000085a00000, 0x0000000085a00000|100%| O|  |TS  0|AC  0|TAMS 0x0000000085a00000, 0x0000000085a00000|
|  44|0x0000000085a00000, 0x0000000085b00000, 0x0000000085b00000|100%| O|  |TS  0|AC  0|TAMS 0x0000000085b00000, 0x0000000085b00000|
|  45|0x0000000085b00000, 0x0000000085c00000, 0x0000000085c00000|100%| O|  |TS  0|AC  0|TAMS 0x0000000085c00000, 0x0000000085c00000|
|  46|0x0000000085c00000, 0x0000000085d00000, 0x0000000085d00000|100%| O|  |TS  0|AC  0|TAMS 0x0000000085d00000, 0x0000000085d00000|
|  47|0x0000000085d00000, 0x0000000085e00000, 0x0000000085e00000|100%| O|  |TS  1|AC  0|TAMS 0x0000000085dbaa00, 0x0000000085dbaa00|
|  48|0x0000000085e00000, 0x0000000085f00000, 0x0000000085f00000|100%| O|  |TS  2|AC  0|TAMS 0x0000000085e00000, 0x0000000085e00000|
|  49|0x0000000085f00000, 0x0000000086000000, 0x0000000086000000|100%| O|  |TS  2|AC  0|TAMS 0x0000000085f00000, 0x0000000085f00000|
|  50|0x0000000086000000, 0x0000000086100000, 0x0000000086100000|100%| O|  |TS  2|AC  0|TAMS 0x0000000086000000, 0x0000000086000000|
|  51|0x0000000086100000, 0x0000000086200000, 0x0000000086200000|100%| O|  |TS  2|AC  0|TAMS 0x0000000086100000, 0x0000000086100000|
|  52|0x0000000086200000, 0x0000000086300000, 0x0000000086300000|100%| O|  |TS  2|AC  0|TAMS 0x0000000086200000, 0x0000000086200000|
|  53|0x0000000086300000, 0x0000000086400000, 0x0000000086400000|100%| O|  |TS  2|AC  0|TAMS 0x0000000086300000, 0x0000000086300000|
|  54|0x0000000086400000, 0x0000000086500000, 0x0000000086500000|100%| O|  |TS  2|AC  0|TAMS 0x0000000086400000, 0x0000000086400000|
|  55|0x0000000086500000, 0x00000000865bf400, 0x0000000086600000| 74%| O|  |TS  4|AC  0|TAMS 0x0000000086500000, 0x0000000086500000|
|  56|0x0000000086600000, 0x0000000086600000, 0x0000000086700000|  0%| F|  |TS  0|AC  0|TAMS 0x0000000086600000, 0x0000000086600000|
|  57|0x0000000086700000, 0x0000000086700000, 0x0000000086800000|  0%| F|  |TS  0|AC  0|TAMS 0x0000000086700000, 0x0000000086700000|
|  58|0x0000000086800000, 0x0000000086800000, 0x0000000086900000|  0%| F|  |TS  0|AC  0|TAMS 0x0000000086800000, 0x0000000086800000|
|  59|0x0000000086900000, 0x0000000086900000, 0x0000000086a00000|  0%| F|  |TS  0|AC  0|TAMS 0x0000000086900000, 0x0000000086900000|
|  60|0x0000000086a00000, 0x0000000086a00000, 0x0000000086b00000|  0%| F|  |TS  0|AC  0|TAMS 0x0000000086a00000, 0x0000000086a00000|
|  61|0x0000000086b00000, 0x0000000086b00000, 0x0000000086c00000|  0%| F|  |TS  0|AC  0|TAMS 0x0000000086b00000, 0x0000000086b00000|
|  62|0x0000000086c00000, 0x0000000086c00000, 0x0000000086d00000|  0%| F|  |TS  0|AC  0|TAMS 0x0000000086c00000, 0x0000000086c00000|
|  63|0x0000000086d00000, 0x0000000086d00000, 0x0000000086e00000|  0%| F|  |TS  0|AC  0|TAMS 0x0000000086d00000, 0x0000000086d00000|
|  64|0x0000000086e00000, 0x0000000086e00000, 0x0000000086f00000|  0%| F|  |TS  0|AC  0|TAMS 0x0000000086e00000, 0x0000000086e00000|
|  65|0x0000000086f00000, 0x0000000086f00000, 0x0000000087000000|  0%| F|  |TS  0|AC  0|TAMS 0x0000000086f00000, 0x0000000086f00000|
|  66|0x0000000087000000, 0x0000000087000000, 0x0000000087100000|  0%| F|  |TS  0|AC  0|TAMS 0x0000000087000000, 0x0000000087000000|
|  67|0x0000000087100000, 0x0000000087100000, 0x0000000087200000|  0%| F|  |TS  0|AC  0|TAMS 0x0000000087100000, 0x0000000087100000|
|  68|0x0000000087200000, 0x0000000087200000, 0x0000000087300000|  0%| F|  |TS  0|AC  0|TAMS 0x0000000087200000, 0x0000000087200000|
|  69|0x0000000087300000, 0x0000000087300000, 0x0000000087400000|  0%| F|  |TS  0|AC  0|TAMS 0x0000000087300000, 0x0000000087300000|
|  70|0x0000000087400000, 0x0000000087400000, 0x0000000087500000|  0%| F|  |TS  0|AC  0|TAMS 0x0000000087400000, 0x0000000087400000|
|  71|0x0000000087500000, 0x0000000087500000, 0x0000000087600000|  0%| F|  |TS  0|AC  0|TAMS 0x0000000087500000, 0x0000000087500000|
|  72|0x0000000087600000, 0x0000000087600000, 0x0000000087700000|  0%| F|  |TS  0|AC  0|TAMS 0x0000000087600000, 0x0000000087600000|
|  73|0x0000000087700000, 0x0000000087700000, 0x0000000087800000|  0%| F|  |TS  0|AC  0|TAMS 0x0000000087700000, 0x0000000087700000|
|  74|0x0000000087800000, 0x0000000087800000, 0x0000000087900000|  0%| F|  |TS  0|AC  0|TAMS 0x0000000087800000, 0x0000000087800000|
|  75|0x0000000087900000, 0x0000000087900000, 0x0000000087a00000|  0%| F|  |TS  0|AC  0|TAMS 0x0000000087900000, 0x0000000087900000|
|  76|0x0000000087a00000, 0x0000000087a00000, 0x0000000087b00000|  0%| F|  |TS  0|AC  0|TAMS 0x0000000087a00000, 0x0000000087a00000|
|  77|0x0000000087b00000, 0x0000000087b00000, 0x0000000087c00000|  0%| F|  |TS  0|AC  0|TAMS 0x0000000087b00000, 0x0000000087b00000|
|  78|0x0000000087c00000, 0x0000000087c00000, 0x0000000087d00000|  0%| F|  |TS  2|AC  0|TAMS 0x0000000087c00000, 0x0000000087c00000|
|  79|0x0000000087d00000, 0x0000000087d00000, 0x0000000087e00000|  0%| F|  |TS  2|AC  0|TAMS 0x0000000087d00000, 0x0000000087d00000|
|  80|0x0000000087e00000, 0x0000000087e00000, 0x0000000087f00000|  0%| F|  |TS  2|AC  0|TAMS 0x0000000087e00000, 0x0000000087e00000|
|  81|0x0000000087f00000, 0x0000000087f00000, 0x0000000088000000|  0%| F|  |TS  2|AC  0|TAMS 0x0000000087f00000, 0x0000000087f00000|
|  82|0x0000000088000000, 0x0000000088000000, 0x0000000088100000|  0%| F|  |TS  2|AC  0|TAMS 0x0000000088000000, 0x0000000088000000|
|  83|0x0000000088100000, 0x000000008810cea0, 0x0000000088200000|  5%| S|CS|TS  4|AC  0|TAMS 0x0000000088100000, 0x0000000088100000|
|  84|0x0000000088200000, 0x0000000088300000, 0x0000000088300000|100%| S|CS|TS  4|AC  0|TAMS 0x0000000088200000, 0x0000000088200000|
|  85|0x0000000088300000, 0x0000000088400000, 0x0000000088400000|100%| S|CS|TS  4|AC  0|TAMS 0x0000000088300000, 0x0000000088300000|
|  86|0x0000000088400000, 0x0000000088500000, 0x0000000088500000|100%| S|CS|TS  4|AC  0|TAMS 0x0000000088400000, 0x0000000088400000|
|  87|0x0000000088500000, 0x0000000088600000, 0x0000000088600000|100%| S|CS|TS  4|AC  0|TAMS 0x0000000088500000, 0x0000000088500000|
|  88|0x0000000088600000, 0x0000000088700000, 0x0000000088700000|100%| S|CS|TS  4|AC  0|TAMS 0x0000000088600000, 0x0000000088600000|
|  89|0x0000000088700000, 0x0000000088800000, 0x0000000088800000|100%| S|CS|TS  4|AC  0|TAMS 0x0000000088700000, 0x0000000088700000|
|  90|0x0000000088800000, 0x0000000088800000, 0x0000000088900000|  0%| F|  |TS  4|AC  0|TAMS 0x0000000088800000, 0x0000000088800000|
|  91|0x0000000088900000, 0x0000000088900000, 0x0000000088a00000|  0%| F|  |TS  4|AC  0|TAMS 0x0000000088900000, 0x0000000088900000|
|  92|0x0000000088a00000, 0x0000000088a00000, 0x0000000088b00000|  0%| F|  |TS  4|AC  0|TAMS 0x0000000088a00000, 0x0000000088a00000|
|  93|0x0000000088b00000, 0x0000000088b00000, 0x0000000088c00000|  0%| F|  |TS  4|AC  0|TAMS 0x0000000088b00000, 0x0000000088b00000|
|  94|0x0000000088c00000, 0x0000000088c00000, 0x0000000088d00000|  0%| F|  |TS  4|AC  0|TAMS 0x0000000088c00000, 0x0000000088c00000|
|  95|0x0000000088d00000, 0x0000000088d00000, 0x0000000088e00000|  0%| F|  |TS  4|AC  0|TAMS 0x0000000088d00000, 0x0000000088d00000|
|  96|0x0000000088e00000, 0x0000000088e00000, 0x0000000088f00000|  0%| F|  |TS  4|AC  0|TAMS 0x0000000088e00000, 0x0000000088e00000|
|  97|0x0000000088f00000, 0x0000000088f00000, 0x0000000089000000|  0%| F|  |TS  4|AC  0|TAMS 0x0000000088f00000, 0x0000000088f00000|
|  98|0x0000000089000000, 0x0000000089000000, 0x0000000089100000|  0%| F|  |TS  4|AC  0|TAMS 0x0000000089000000, 0x0000000089000000|
|  99|0x0000000089100000, 0x0000000089100000, 0x0000000089200000|  0%| F|  |TS  4|AC  0|TAMS 0x0000000089100000, 0x0000000089100000|
| 100|0x0000000089200000, 0x0000000089200000, 0x0000000089300000|  0%| F|  |TS  4|AC  0|TAMS 0x0000000089200000, 0x0000000089200000|
| 101|0x0000000089300000, 0x0000000089300000, 0x0000000089400000|  0%| F|  |TS  4|AC  0|TAMS 0x0000000089300000, 0x0000000089300000|
| 102|0x0000000089400000, 0x0000000089400000, 0x0000000089500000|  0%| F|  |TS  4|AC  0|TAMS 0x0000000089400000, 0x0000000089400000|
| 103|0x0000000089500000, 0x0000000089500000, 0x0000000089600000|  0%| F|  |TS  4|AC  0|TAMS 0x0000000089500000, 0x0000000089500000|
| 104|0x0000000089600000, 0x0000000089600000, 0x0000000089700000|  0%| F|  |TS  4|AC  0|TAMS 0x0000000089600000, 0x0000000089600000|
| 105|0x0000000089700000, 0x0000000089700000, 0x0000000089800000|  0%| F|  |TS  4|AC  0|TAMS 0x0000000089700000, 0x0000000089700000|
| 106|0x0000000089800000, 0x0000000089800000, 0x0000000089900000|  0%| F|  |TS  4|AC  0|TAMS 0x0000000089800000, 0x0000000089800000|
| 107|0x0000000089900000, 0x0000000089900000, 0x0000000089a00000|  0%| F|  |TS  4|AC  0|TAMS 0x0000000089900000, 0x0000000089900000|
| 108|0x0000000089a00000, 0x0000000089a00000, 0x0000000089b00000|  0%| F|  |TS  4|AC  0|TAMS 0x0000000089a00000, 0x0000000089a00000|
| 109|0x0000000089b00000, 0x0000000089b00000, 0x0000000089c00000|  0%| F|  |TS  4|AC  0|TAMS 0x0000000089b00000, 0x0000000089b00000|
| 110|0x0000000089c00000, 0x0000000089c00000, 0x0000000089d00000|  0%| F|  |TS  4|AC  0|TAMS 0x0000000089c00000, 0x0000000089c00000|
| 111|0x0000000089d00000, 0x0000000089d00000, 0x0000000089e00000|  0%| F|  |TS  4|AC  0|TAMS 0x0000000089d00000, 0x0000000089d00000|
| 112|0x0000000089e00000, 0x0000000089e00000, 0x0000000089f00000|  0%| F|  |TS  4|AC  0|TAMS 0x0000000089e00000, 0x0000000089e00000|
| 113|0x0000000089f00000, 0x0000000089f00000, 0x000000008a000000|  0%| F|  |TS  4|AC  0|TAMS 0x0000000089f00000, 0x0000000089f00000|
| 114|0x000000008a000000, 0x000000008a06fe20, 0x000000008a100000| 43%| E|  |TS  4|AC  0|TAMS 0x000000008a000000, 0x000000008a000000|
| 115|0x000000008a100000, 0x000000008a200000, 0x000000008a200000|100%| E|CS|TS  4|AC  0|TAMS 0x000000008a100000, 0x000000008a100000|
| 116|0x000000008a200000, 0x000000008a300000, 0x000000008a300000|100%| E|CS|TS  4|AC  0|TAMS 0x000000008a200000, 0x000000008a200000|
| 117|0x000000008a300000, 0x000000008a400000, 0x000000008a400000|100%| E|CS|TS  4|AC  0|TAMS 0x000000008a300000, 0x000000008a300000|
| 118|0x000000008a400000, 0x000000008a500000, 0x000000008a500000|100%| E|CS|TS  4|AC  0|TAMS 0x000000008a400000, 0x000000008a400000|
| 119|0x000000008a500000, 0x000000008a600000, 0x000000008a600000|100%| E|CS|TS  4|AC  0|TAMS 0x000000008a500000, 0x000000008a500000|
| 120|0x000000008a600000, 0x000000008a700000, 0x000000008a700000|100%| E|CS|TS  4|AC  0|TAMS 0x000000008a600000, 0x000000008a600000|
| 121|0x000000008a700000, 0x000000008a800000, 0x000000008a800000|100%| E|CS|TS  4|AC  0|TAMS 0x000000008a700000, 0x000000008a700000|
| 122|0x000000008a800000, 0x000000008a900000, 0x000000008a900000|100%| E|CS|TS  4|AC  0|TAMS 0x000000008a800000, 0x000000008a800000|
| 123|0x000000008a900000, 0x000000008aa00000, 0x000000008aa00000|100%| E|CS|TS  4|AC  0|TAMS 0x000000008a900000, 0x000000008a900000|
| 124|0x000000008aa00000, 0x000000008ab00000, 0x000000008ab00000|100%| E|CS|TS  4|AC  0|TAMS 0x000000008aa00000, 0x000000008aa00000|
| 125|0x000000008ab00000, 0x000000008ac00000, 0x000000008ac00000|100%| E|CS|TS  4|AC  0|TAMS 0x000000008ab00000, 0x000000008ab00000|
| 126|0x000000008ac00000, 0x000000008ad00000, 0x000000008ad00000|100%| E|CS|TS  4|AC  0|TAMS 0x000000008ac00000, 0x000000008ac00000|
| 127|0x000000008ad00000, 0x000000008ae00000, 0x000000008ae00000|100%| E|CS|TS  4|AC  0|TAMS 0x000000008ad00000, 0x000000008ad00000|
| 128|0x000000008ae00000, 0x000000008af00000, 0x000000008af00000|100%| E|CS|TS  4|AC  0|TAMS 0x000000008ae00000, 0x000000008ae00000|
| 129|0x000000008af00000, 0x000000008b000000, 0x000000008b000000|100%| E|CS|TS  4|AC  0|TAMS 0x000000008af00000, 0x000000008af00000|
| 130|0x000000008b000000, 0x000000008b100000, 0x000000008b100000|100%| E|CS|TS  4|AC  0|TAMS 0x000000008b000000, 0x000000008b000000|
| 131|0x000000008b100000, 0x000000008b200000, 0x000000008b200000|100%| E|CS|TS  4|AC  0|TAMS 0x000000008b100000, 0x000000008b100000|
| 132|0x000000008b200000, 0x000000008b300000, 0x000000008b300000|100%| E|CS|TS  4|AC  0|TAMS 0x000000008b200000, 0x000000008b200000|
| 133|0x000000008b300000, 0x000000008b400000, 0x000000008b400000|100%| E|CS|TS  4|AC  0|TAMS 0x000000008b300000, 0x000000008b300000|
| 134|0x000000008b400000, 0x000000008b500000, 0x000000008b500000|100%| E|CS|TS  4|AC  0|TAMS 0x000000008b400000, 0x000000008b400000|
| 135|0x000000008b500000, 0x000000008b600000, 0x000000008b600000|100%| E|CS|TS  4|AC  0|TAMS 0x000000008b500000, 0x000000008b500000|
| 136|0x000000008b600000, 0x000000008b700000, 0x000000008b700000|100%| E|CS|TS  4|AC  0|TAMS 0x000000008b600000, 0x000000008b600000|
| 137|0x000000008b700000, 0x000000008b800000, 0x000000008b800000|100%| E|CS|TS  4|AC  0|TAMS 0x000000008b700000, 0x000000008b700000|
| 138|0x000000008b800000, 0x000000008b900000, 0x000000008b900000|100%| E|CS|TS  4|AC  0|TAMS 0x000000008b800000, 0x000000008b800000|
| 139|0x000000008b900000, 0x000000008ba00000, 0x000000008ba00000|100%| E|CS|TS  4|AC  0|TAMS 0x000000008b900000, 0x000000008b900000|
| 140|0x000000008ba00000, 0x000000008bb00000, 0x000000008bb00000|100%| E|CS|TS  4|AC  0|TAMS 0x000000008ba00000, 0x000000008ba00000|
| 141|0x000000008bb00000, 0x000000008bc00000, 0x000000008bc00000|100%| E|CS|TS  4|AC  0|TAMS 0x000000008bb00000, 0x000000008bb00000|
| 142|0x000000008bc00000, 0x000000008bd00000, 0x000000008bd00000|100%| E|CS|TS  4|AC  0|TAMS 0x000000008bc00000, 0x000000008bc00000|
| 143|0x000000008bd00000, 0x000000008be00000, 0x000000008be00000|100%| E|CS|TS  4|AC  0|TAMS 0x000000008bd00000, 0x000000008bd00000|
| 144|0x000000008be00000, 0x000000008bf00000, 0x000000008bf00000|100%| E|CS|TS  4|AC  0|TAMS 0x000000008be00000, 0x000000008be00000|
| 145|0x000000008bf00000, 0x000000008c000000, 0x000000008c000000|100%| E|CS|TS  4|AC  0|TAMS 0x000000008bf00000, 0x000000008bf00000|
| 146|0x000000008c000000, 0x000000008c100000, 0x000000008c100000|100%| E|CS|TS  4|AC  0|TAMS 0x000000008c000000, 0x000000008c000000|
| 147|0x000000008c100000, 0x000000008c200000, 0x000000008c200000|100%| E|CS|TS  4|AC  0|TAMS 0x000000008c100000, 0x000000008c100000|
| 148|0x000000008c200000, 0x000000008c300000, 0x000000008c300000|100%| E|CS|TS  4|AC  0|TAMS 0x000000008c200000, 0x000000008c200000|
| 149|0x000000008c300000, 0x000000008c400000, 0x000000008c400000|100%| E|CS|TS  4|AC  0|TAMS 0x000000008c300000, 0x000000008c300000|
| 150|0x000000008c400000, 0x000000008c500000, 0x000000008c500000|100%| E|CS|TS  4|AC  0|TAMS 0x000000008c400000, 0x000000008c400000|
| 151|0x000000008c500000, 0x000000008c600000, 0x000000008c600000|100%| E|CS|TS  4|AC  0|TAMS 0x000000008c500000, 0x000000008c500000|

Card table byte_map: [0x000002bd1e2f0000,0x000002bd1e6e0000] byte_map_base: 0x000002bd1ded9000

Marking Bits (Prev, Next): (CMBitMap*) 0x000002bd01675198, (CMBitMap*) 0x000002bd01675160
 Prev Bits: [0x000002bd20a20000, 0x000002bd22968000)
 Next Bits: [0x000002bd1ead0000, 0x000002bd20a18000)

Polling page: 0x000002bd01580000

CodeHeap 'non-profiled nmethods': size=120000Kb used=6908Kb max_used=6908Kb free=113092Kb
 bounds [0x000002bd15f50000, 0x000002bd16610000, 0x000002bd1d480000]
CodeHeap 'profiled nmethods': size=120000Kb used=21135Kb max_used=21135Kb free=98864Kb
 bounds [0x000002bd0ea20000, 0x000002bd0fee0000, 0x000002bd15f50000]
CodeHeap 'non-nmethods': size=5760Kb used=1279Kb max_used=1329Kb free=4480Kb
 bounds [0x000002bd0e480000, 0x000002bd0e6f0000, 0x000002bd0ea20000]
 total_blobs=13383 nmethods=8859 adapters=594
 compilation: enabled

Compilation events (10 events):
Event: 11581.179 Thread 0x000002bd2546c000 9969       3       sun.util.PreHashedMap::get (67 bytes)
Event: 11581.180 Thread 0x000002bd2546c000 nmethod 9969 0x000002bd0fed2690 code [0x000002bd0fed28a0, 0x000002bd0fed2fc0]
Event: 11581.181 Thread 0x000002bd25cdb800 9970       4       java.nio.ByteBuffer::<init> (45 bytes)
Event: 11581.187 Thread 0x000002bd25cdb800 nmethod 9970 0x000002bd1660e910 code [0x000002bd1660eac0, 0x000002bd1660ee78]
Event: 11581.194 Thread 0x000002bd2546c000 9971       3       com.mysql.cj.protocol.a.SimplePacketReader::resetMessageSequence (6 bytes)
Event: 11581.194 Thread 0x000002bd2546c000 nmethod 9971 0x000002bd0fed3210 code [0x000002bd0fed33c0, 0x000002bd0fed3518]
Event: 11581.195 Thread 0x000002bd2546c000 9974  s    3       java.util.Properties::remove (9 bytes)
Event: 11581.195 Thread 0x000002bd2546c000 nmethod 9974 0x000002bd0fed3590 code [0x000002bd0fed3760, 0x000002bd0fed3b50]
Event: 11581.195 Thread 0x000002bd2546c000 9973       3       java.lang.Integer::toString (8 bytes)
Event: 11581.195 Thread 0x000002bd2546c000 nmethod 9973 0x000002bd0fed3c90 code [0x000002bd0fed3e40, 0x000002bd0fed3fd0]

GC Heap History (10 events):
Event: 14.806 GC heap before
{Heap before GC invocations=17 (full 0):
 garbage-first heap   total 155648K, used 108247K [0x0000000082e00000, 0x0000000100000000)
  region size 1024K, 61 young (62464K), 6 survivors (6144K)
 Metaspace       used 58616K, capacity 60034K, committed 60288K, reserved 1101824K
  class space    used 6629K, capacity 7134K, committed 7168K, reserved 1048576K
}
Event: 14.821 GC heap after
{Heap after GC invocations=18 (full 0):
 garbage-first heap   total 155648K, used 56526K [0x0000000082e00000, 0x0000000100000000)
  region size 1024K, 8 young (8192K), 8 survivors (8192K)
 Metaspace       used 58616K, capacity 60034K, committed 60288K, reserved 1101824K
  class space    used 6629K, capacity 7134K, committed 7168K, reserved 1048576K
}
Event: 17.208 GC heap before
{Heap before GC invocations=19 (full 0):
 garbage-first heap   total 155648K, used 109774K [0x0000000082e00000, 0x0000000100000000)
  region size 1024K, 65 young (66560K), 8 survivors (8192K)
 Metaspace       used 69536K, capacity 71083K, committed 71628K, reserved 1112064K
  class space    used 7812K, capacity 8368K, committed 8448K, reserved 1048576K
}
Event: 17.224 GC heap after
{Heap after GC invocations=20 (full 0):
 garbage-first heap   total 155648K, used 56931K [0x0000000082e00000, 0x0000000100000000)
  region size 1024K, 9 young (9216K), 9 survivors (9216K)
 Metaspace       used 69536K, capacity 71083K, committed 71628K, reserved 1112064K
  class space    used 7812K, capacity 8368K, committed 8448K, reserved 1048576K
}
Event: 17.242 GC heap before
{Heap before GC invocations=20 (full 0):
 garbage-first heap   total 155648K, used 57955K [0x0000000082e00000, 0x0000000100000000)
  region size 1024K, 10 young (10240K), 9 survivors (9216K)
 Metaspace       used 69619K, capacity 71147K, committed 71628K, reserved 1112064K
  class space    used 7825K, capacity 8368K, committed 8448K, reserved 1048576K
}
Event: 17.255 GC heap after
{Heap after GC invocations=21 (full 0):
 garbage-first heap   total 155648K, used 56674K [0x0000000082e00000, 0x0000000100000000)
  region size 1024K, 2 young (2048K), 2 survivors (2048K)
 Metaspace       used 69619K, capacity 71147K, committed 71628K, reserved 1112064K
  class space    used 7825K, capacity 8368K, committed 8448K, reserved 1048576K
}
Event: 19.563 GC heap before
{Heap before GC invocations=21 (full 0):
 garbage-first heap   total 155648K, used 115042K [0x0000000082e00000, 0x0000000100000000)
  region size 1024K, 59 young (60416K), 2 survivors (2048K)
 Metaspace       used 81250K, capacity 82854K, committed 83404K, reserved 1122304K
  class space    used 9619K, capacity 10198K, committed 10240K, reserved 1048576K
}
Event: 19.569 GC heap after
{Heap after GC invocations=22 (full 0):
 garbage-first heap   total 155648K, used 57456K [0x0000000082e00000, 0x0000000100000000)
  region size 1024K, 3 young (3072K), 3 survivors (3072K)
 Metaspace       used 81250K, capacity 82854K, committed 83404K, reserved 1122304K
  class space    used 9619K, capacity 10198K, committed 10240K, reserved 1048576K
}
Event: 21.053 GC heap before
{Heap before GC invocations=22 (full 0):
 garbage-first heap   total 155648K, used 117872K [0x0000000082e00000, 0x0000000100000000)
  region size 1024K, 62 young (63488K), 3 survivors (3072K)
 Metaspace       used 87091K, capacity 88931K, committed 89676K, reserved 1128448K
  class space    used 10356K, capacity 11024K, committed 11136K, reserved 1048576K
}
Event: 21.064 GC heap after
{Heap after GC invocations=23 (full 0):
 garbage-first heap   total 155648K, used 61232K [0x0000000082e00000, 0x0000000100000000)
  region size 1024K, 7 young (7168K), 7 survivors (7168K)
 Metaspace       used 87091K, capacity 88931K, committed 89676K, reserved 1128448K
  class space    used 10356K, capacity 11024K, committed 11136K, reserved 1048576K
}

Deoptimization events (10 events):
Event: 65.844 Thread 0x000002bd28923000 Uncommon trap: reason=unstable_if action=reinterpret pc=0x000002bd1628d2a0 method=java.util.regex.Matcher.search(I)Z @ 76 c2
Event: 65.844 Thread 0x000002bd28923000 Uncommon trap: reason=bimorphic_or_optimized_type_check action=maybe_recompile pc=0x000002bd1606646c method=java.util.regex.Pattern$CharPropertyGreedy.match(Ljava/util/regex/Matcher;ILjava/lang/CharSequence;)Z @ 28 c2
Event: 65.844 Thread 0x000002bd28923000 Uncommon trap: reason=bimorphic_or_optimized_type_check action=maybe_recompile pc=0x000002bd1606646c method=java.util.regex.Pattern$CharPropertyGreedy.match(Ljava/util/regex/Matcher;ILjava/lang/CharSequence;)Z @ 28 c2
Event: 65.844 Thread 0x000002bd28923000 Uncommon trap: reason=bimorphic_or_optimized_type_check action=maybe_recompile pc=0x000002bd1606646c method=java.util.regex.Pattern$CharPropertyGreedy.match(Ljava/util/regex/Matcher;ILjava/lang/CharSequence;)Z @ 28 c2
Event: 65.844 Thread 0x000002bd28923000 Uncommon trap: reason=bimorphic_or_optimized_type_check action=maybe_recompile pc=0x000002bd1606646c method=java.util.regex.Pattern$CharPropertyGreedy.match(Ljava/util/regex/Matcher;ILjava/lang/CharSequence;)Z @ 28 c2
Event: 66.146 Thread 0x000002bd28923000 Uncommon trap: reason=unstable_if action=reinterpret pc=0x000002bd15fe86f8 method=java.util.Objects.equals(Ljava/lang/Object;Ljava/lang/Object;)Z @ 6 c2
Event: 66.158 Thread 0x000002bd28923000 Uncommon trap: reason=class_check action=maybe_recompile pc=0x000002bd165b5e70 method=java.util.concurrent.ConcurrentHashMap.putVal(Ljava/lang/Object;Ljava/lang/Object;Z)Ljava/lang/Object; @ 159 c2
Event: 66.159 Thread 0x000002bd28923000 Uncommon trap: reason=class_check action=maybe_recompile pc=0x000002bd165b5e70 method=java.util.concurrent.ConcurrentHashMap.putVal(Ljava/lang/Object;Ljava/lang/Object;Z)Ljava/lang/Object; @ 159 c2
Event: 66.201 Thread 0x000002bd28923000 Uncommon trap: reason=unstable_if action=reinterpret pc=0x000002bd1615761c method=java.util.IdentityHashMap.maskNull(Ljava/lang/Object;)Ljava/lang/Object; @ 1 c2
Event: 78.464 Thread 0x000002bd2891d800 Uncommon trap: reason=unstable_if action=reinterpret pc=0x000002bd15febd20 method=java.lang.CharacterDataLatin1.isWhitespace(I)Z @ 14 c2

Classes redefined (0 events):
No events

Internal exceptions (10 events):
Event: 20.201 Thread 0x000002bd288ce800 Exception <a 'java/lang/ClassNotFoundException'{0x000000008ae1f6e8}: org/springframework/beans/factory/AwareCustomizer> (0x000000008ae1f6e8) thrown at [t:/workspace/open/src/hotspot/share/classfile/systemDictionary.cpp, line 233]
Event: 20.479 Thread 0x000002bd288ce800 Exception <a 'java/lang/NoSuchMethodError'{0x000000008a29c638}: java.lang.invoke.DirectMethodHandle$Holder.invokeVirtual(Ljava/lang/Object;Ljava/lang/Object;I)V> (0x000000008a29c638) thrown at [t:/workspace/open/src/hotspot/share/interpreter/linkResolver.
Event: 20.837 Thread 0x000002bd288ce800 Implicit null exception at 0x000002bd16411b5a to 0x000002bd16411d4a
Event: 20.990 Thread 0x000002bd288ce800 Exception <a 'java/lang/NoSuchMethodError'{0x0000000088e2d200}: method resolution failed> (0x0000000088e2d200) thrown at [t:/workspace/open/src/hotspot/share/prims/methodHandles.cpp, line 1226]
Event: 20.991 Thread 0x000002bd288ce800 Exception <a 'java/lang/NoSuchMethodError'{0x0000000088e352d8}: method resolution failed> (0x0000000088e352d8) thrown at [t:/workspace/open/src/hotspot/share/prims/methodHandles.cpp, line 1226]
Event: 20.991 Thread 0x000002bd288ce800 Exception <a 'java/lang/NoSuchMethodError'{0x0000000088e392c8}: method resolution failed> (0x0000000088e392c8) thrown at [t:/workspace/open/src/hotspot/share/prims/methodHandles.cpp, line 1226]
Event: 21.052 Thread 0x000002bd288ce800 Exception <a 'java/lang/NoSuchMethodError'{0x0000000088efdae8}: java.lang.invoke.DirectMethodHandle$Holder.invokeSpecial(Ljava/lang/Object;Ljava/lang/Object;)V> (0x0000000088efdae8) thrown at [t:/workspace/open/src/hotspot/share/interpreter/linkResolver.c
Event: 66.030 Thread 0x000002bd28923000 Exception <a 'java/lang/NoSuchMethodError'{0x000000008b75fb58}: java.lang.Object.lambda$mapIfAllPresent$6(Ljava/util/Optional;Ljava/util/function/BiFunction;Ljava/lang/Object;)Ljava/util/Optional;> (0x000000008b75fb58) thrown at [t:/workspace/open/src/hot
Event: 66.031 Thread 0x000002bd28923000 Exception <a 'java/lang/NoSuchMethodError'{0x000000008b763e70}: java.lang.Object.lambda$null$5(Ljava/util/function/BiFunction;Ljava/lang/Object;Ljava/lang/Object;)Ljava/lang/Object;> (0x000000008b763e70) thrown at [t:/workspace/open/src/hotspot/share/inte
Event: 66.201 Thread 0x000002bd28923000 Implicit null exception at 0x000002bd16156f9e to 0x000002bd16157606

Events (10 events):
Event: 11581.050 Executing VM operation: BulkRevokeBias
Event: 11581.050 Executing VM operation: BulkRevokeBias done
Event: 11581.051 Executing VM operation: BulkRevokeBias
Event: 11581.051 Executing VM operation: BulkRevokeBias done
Event: 11581.051 Executing VM operation: BulkRevokeBias
Event: 11581.052 Executing VM operation: BulkRevokeBias done
Event: 11581.053 Executing VM operation: RevokeBias
Event: 11581.053 Executing VM operation: RevokeBias done
Event: 11581.056 Thread 0x000002bd28928800 DEOPT PACKING pc=0x000002bd0fbeab0a sp=0x000000fb059fd9a0
Event: 11581.056 Thread 0x000002bd28928800 DEOPT UNPACKING pc=0x000002bd0e4a884e sp=0x000000fb059fce18 mode 0


Dynamic libraries:
0x00007ff606dd0000 - 0x00007ff606e0e000 	C:\Program Files\Java\jdk-10.0.1\bin\java.exe
0x00007ffae2810000 - 0x00007ffae29f1000 	C:\WINDOWS\SYSTEM32\ntdll.dll
0x00007ffadfc90000 - 0x00007ffadfd41000 	C:\WINDOWS\System32\KERNEL32.DLL
0x00007ffadf9b0000 - 0x00007ffadfc23000 	C:\WINDOWS\System32\KERNELBASE.dll
0x00007ffadc830000 - 0x00007ffadc8bb000 	C:\WINDOWS\SYSTEM32\apphelp.dll
0x00007ffae02a0000 - 0x00007ffae0341000 	C:\WINDOWS\System32\ADVAPI32.dll
0x00007ffae23e0000 - 0x00007ffae247e000 	C:\WINDOWS\System32\msvcrt.dll
0x00007ffae0350000 - 0x00007ffae03ab000 	C:\WINDOWS\System32\sechost.dll
0x00007ffae1ee0000 - 0x00007ffae2004000 	C:\WINDOWS\System32\RPCRT4.dll
0x00007ffae24b0000 - 0x00007ffae2640000 	C:\WINDOWS\System32\USER32.dll
0x00007ffadf2e0000 - 0x00007ffadf300000 	C:\WINDOWS\System32\win32u.dll
0x00007ffae03b0000 - 0x00007ffae03d8000 	C:\WINDOWS\System32\GDI32.dll
0x00007ffadf380000 - 0x00007ffadf511000 	C:\WINDOWS\System32\gdi32full.dll
0x00007ffadf520000 - 0x00007ffadf5bf000 	C:\WINDOWS\System32\msvcp_win.dll
0x00007ffadf860000 - 0x00007ffadf958000 	C:\WINDOWS\System32\ucrtbase.dll
0x00007ffac49c0000 - 0x00007ffac4c29000 	C:\WINDOWS\WinSxS\amd64_microsoft.windows.common-controls_6595b64144ccf1df_6.0.17134.1038_none_d3fe8c457c918b86\COMCTL32.dll
0x00007ffae2030000 - 0x00007ffae2351000 	C:\WINDOWS\System32\combase.dll
0x00007ffad0300000 - 0x00007ffad030a000 	C:\WINDOWS\SYSTEM32\VERSION.dll
0x00007ffadf300000 - 0x00007ffadf379000 	C:\WINDOWS\System32\bcryptPrimitives.dll
0x00007ffae2480000 - 0x00007ffae24ad000 	C:\WINDOWS\System32\IMM32.DLL
0x00007ffab5330000 - 0x00007ffab541f000 	C:\Program Files\Java\jdk-10.0.1\bin\msvcr120.dll
0x00007ffab9a60000 - 0x00007ffab9b06000 	C:\Program Files\Java\jdk-10.0.1\bin\msvcp120.dll
0x000000005b370000 - 0x000000005bde0000 	C:\Program Files\Java\jdk-10.0.1\bin\server\jvm.dll
0x00007ffae2770000 - 0x00007ffae2778000 	C:\WINDOWS\System32\PSAPI.DLL
0x00007ffac0450000 - 0x00007ffac0459000 	C:\WINDOWS\SYSTEM32\WSOCK32.dll
0x00007ffadb350000 - 0x00007ffadb373000 	C:\WINDOWS\SYSTEM32\WINMM.dll
0x00007ffae04f0000 - 0x00007ffae055c000 	C:\WINDOWS\System32\WS2_32.dll
0x00007ffadb320000 - 0x00007ffadb34a000 	C:\WINDOWS\SYSTEM32\winmmbase.dll
0x00007ffadf960000 - 0x00007ffadf9a9000 	C:\WINDOWS\System32\cfgmgr32.dll
0x00007ffadae50000 - 0x00007ffadae5f000 	C:\Program Files\Java\jdk-10.0.1\bin\verify.dll
0x00007ffadd510000 - 0x00007ffadd6d9000 	C:\WINDOWS\SYSTEM32\DBGHELP.DLL
0x00007ffabf470000 - 0x00007ffabf499000 	C:\WINDOWS\SYSTEM32\dbgcore.DLL
0x00007ffac6220000 - 0x00007ffac6247000 	C:\Program Files\Java\jdk-10.0.1\bin\java.dll
0x00007ffac61d0000 - 0x00007ffac61e6000 	C:\Program Files\Java\jdk-10.0.1\bin\zip.dll
0x00007ffadae10000 - 0x00007ffadae1a000 	C:\Program Files\Java\jdk-10.0.1\bin\jimage.dll
0x00007ffae0a90000 - 0x00007ffae1ed4000 	C:\WINDOWS\System32\SHELL32.dll
0x00007ffae0560000 - 0x00007ffae0609000 	C:\WINDOWS\System32\shcore.dll
0x00007ffadebd0000 - 0x00007ffadf2e0000 	C:\WINDOWS\System32\windows.storage.dll
0x00007ffae2640000 - 0x00007ffae2691000 	C:\WINDOWS\System32\shlwapi.dll
0x00007ffadeb40000 - 0x00007ffadeb51000 	C:\WINDOWS\System32\kernel.appcore.dll
0x00007ffadeb20000 - 0x00007ffadeb3f000 	C:\WINDOWS\System32\profapi.dll
0x00007ffadeb60000 - 0x00007ffadebac000 	C:\WINDOWS\System32\powrprof.dll
0x00007ffadeb10000 - 0x00007ffadeb1a000 	C:\WINDOWS\System32\FLTLIB.DLL
0x00007ffac3060000 - 0x00007ffac307a000 	C:\Program Files\Java\jdk-10.0.1\bin\net.dll
0x00007ffadd0b0000 - 0x00007ffadd18d000 	C:\WINDOWS\SYSTEM32\WINHTTP.dll
0x00007ffade370000 - 0x00007ffade3d6000 	C:\WINDOWS\system32\mswsock.dll
0x00007ffabe440000 - 0x00007ffabe451000 	C:\Program Files\Java\jdk-10.0.1\bin\nio.dll
0x00007ffac86d0000 - 0x00007ffac86da000 	C:\Users\Ken Guan\Downloads\apache-maven-3.6.0-bin.tar\apache-maven-3.6.0-bin\apache-maven-3.6.0\lib\jansi-native\windows64\jansi.dll
0x00007ffac61c0000 - 0x00007ffac61c9000 	C:\Program Files\Java\jdk-10.0.1\bin\management.dll
0x00007ffac6120000 - 0x00007ffac612a000 	C:\Program Files\Java\jdk-10.0.1\bin\management_ext.dll
0x00007ffab9f50000 - 0x00007ffab9f66000 	C:\WINDOWS\system32\napinsp.dll
0x00007ffab7b40000 - 0x00007ffab7b5a000 	C:\WINDOWS\system32\pnrpnsp.dll
0x00007ffadac00000 - 0x00007ffadac19000 	C:\WINDOWS\system32\NLAapi.dll
0x00007ffade100000 - 0x00007ffade1be000 	C:\WINDOWS\SYSTEM32\DNSAPI.dll
0x00007ffadfd50000 - 0x00007ffadfd58000 	C:\WINDOWS\System32\NSI.dll
0x00007ffade0c0000 - 0x00007ffade0f8000 	C:\WINDOWS\SYSTEM32\IPHLPAPI.DLL
0x00007ffabe120000 - 0x00007ffabe12e000 	C:\WINDOWS\System32\winrnr.dll
0x00007ffad2430000 - 0x00007ffad2445000 	C:\WINDOWS\System32\wshbth.dll
0x00007ffad2330000 - 0x00007ffad233a000 	C:\Windows\System32\rasadhlp.dll
0x00007ffad23b0000 - 0x00007ffad2422000 	C:\WINDOWS\System32\fwpuclnt.dll
0x00007ffade650000 - 0x00007ffade675000 	C:\WINDOWS\SYSTEM32\bcrypt.dll
0x00007ffade520000 - 0x00007ffade537000 	C:\WINDOWS\SYSTEM32\CRYPTSP.dll
0x00007ffaddf20000 - 0x00007ffaddf53000 	C:\WINDOWS\system32\rsaenh.dll
0x00007ffadea10000 - 0x00007ffadea38000 	C:\WINDOWS\SYSTEM32\USERENV.dll
0x00007ffade540000 - 0x00007ffade54b000 	C:\WINDOWS\SYSTEM32\CRYPTBASE.dll
0x00007ffad2390000 - 0x00007ffad23a6000 	C:\WINDOWS\SYSTEM32\dhcpcsvc6.DLL
0x00007ffad2340000 - 0x00007ffad235a000 	C:\WINDOWS\SYSTEM32\dhcpcsvc.DLL
0x00007ffabc960000 - 0x00007ffabc983000 	C:\Program Files\Java\jdk-10.0.1\bin\sunec.dll
0x00007ffac2f80000 - 0x00007ffac2f8b000 	C:\Program Files\Java\jdk-10.0.1\bin\sunmscapi.dll
0x00007ffadf670000 - 0x00007ffadf852000 	C:\WINDOWS\System32\CRYPT32.dll
0x00007ffadebb0000 - 0x00007ffadebc2000 	C:\WINDOWS\System32\MSASN1.dll

dbghelp: loaded successfully - version: 4.0.5 - missing functions: none
symbol engine: initialized successfully - sym options: 0x614 - pdb path: .;C:\Program Files\Java\jdk-10.0.1\bin;C:\WINDOWS\SYSTEM32;C:\WINDOWS\WinSxS\amd64_microsoft.windows.common-controls_6595b64144ccf1df_6.0.17134.1038_none_d3fe8c457c918b86;C:\Program Files\Java\jdk-10.0.1\bin\server;C:\Users\Ken Guan\Downloads\apache-maven-3.6.0-bin.tar\apache-maven-3.6.0-bin\apache-maven-3.6.0\lib\jansi-native\windows64

VM Arguments:
jvm_args: -Dclassworlds.conf=C:/Users/Ken Guan/Downloads/apache-maven-3.6.0-bin.tar/apache-maven-3.6.0-bin/apache-maven-3.6.0/bin/m2.conf -Dmaven.home=C:/Users/Ken Guan/Downloads/apache-maven-3.6.0-bin.tar/apache-maven-3.6.0-bin/apache-maven-3.6.0 -Dlibrary.jansi.path=C:/Users/Ken Guan/Downloads/apache-maven-3.6.0-bin.tar/apache-maven-3.6.0-bin/apache-maven-3.6.0/lib/jansi-native -Dmaven.multiModuleProjectDirectory=C:/Users/Ken Guan/Desktop/School/Stuff/HashWolf2/HashWolf2_BackEnd/hashwolf2 
java_command: org.codehaus.plexus.classworlds.launcher.Launcher clean spring-boot:run
java_class_path (initial): C:/Users/Ken Guan/Downloads/apache-maven-3.6.0-bin.tar/apache-maven-3.6.0-bin/apache-maven-3.6.0/boot/plexus-classworlds-2.5.2.jar
Launcher Type: SUN_STANDARD

Logging:
Log output configuration:
#0: stdout all=warning uptime,level,tags
#1: stderr all=off uptime,level,tags

Environment Variables:
JAVA_HOME=C:/Program Files/Java/jdk-10.0.1
PATH=C:\Users\Ken Guan\bin;C:\Program Files\Git\mingw64\bin;C:\Program Files\Git\usr\local\bin;C:\Program Files\Git\usr\bin;C:\Program Files\Git\usr\bin;C:\Program Files\Git\mingw64\bin;C:\Program Files\Git\usr\bin;C:\Users\Ken Guan\bin;C:\Program Files (x86)\Intel\Intel(R) Management Engine Components\iCLS;C:\Program Files\Intel\Intel(R) Management Engine Components\iCLS;C:\WINDOWS\system32;C:\WINDOWS;C:\WINDOWS\System32\Wbem;C:\WINDOWS\System32\WindowsPowerShell\v1.0;C:\Program Files\Git\cmd;C:\Program Files\Java\jdk-10.0.1\bin;C:\WINDOWS\System32\OpenSSH;C:\Program Files (x86)\Intel\Intel(R) Management Engine Components\DAL;C:\Program Files\Intel\Intel(R) Management Engine Components\DAL;C:\Users\Ken Guan\Downloads\apache-maven-3.6.0-bin.tar\apache-maven-3.6.0-bin\apache-maven-3.6.0\bin;C:\Users\Ken Guan\Downloads\apache-tomcat-9.0.12\bin;C:\Go\bin;C:\Program Files\nodejs;C:\Users\Ken Guan\AppData\Local\Programs\Python\Python36\Scripts;C:\Users\Ken Guan\AppData\Local\Programs\Python\Python36;C:\Users\Ken Guan\AppData\Local\Microsoft\WindowsApps;C:\Users\Ken Guan\AppData\Local\atom\bin;C:\Users\Ken Guan\AppData\Local\Programs\MiKTeX 2.9\miktex\bin\x64;C:\Users\Ken Guan\AppData\Local\Microsoft\WindowsApps;C:\Users\Ken Guan\MikTex\miktex\bin\x64;C:\Users\Ken Guan\AppData\Local\Programs\Microsoft VS Code\bin;C:\Users\Ken Guan\go\bin;C:\Program Files\Docker Toolbox;C:\Users\Ken Guan\AppData\Roaming\npm;C:\Program Files\Git\usr\bin\vendor_perl;C:\Program Files\Git\usr\bin\core_perl
USERNAME=KenGuan
SHELL=C:\Program Files\Git\usr\bin\bash.exe
DISPLAY=needs-to-be-defined
OS=Windows_NT
PROCESSOR_IDENTIFIER=Intel64 Family 6 Model 142 Stepping 10, GenuineIntel



---------------  S Y S T E M  ---------------

OS: Windows 10 , 64 bit Build 17134 (10.0.17134.753)

CPU:total 8 (initial active 8) (4 cores per cpu, 2 threads per core) family 6 model 142 stepping 10, cmov, cx8, fxsr, mmx, sse, sse2, sse3, ssse3, sse4.1, sse4.2, popcnt, avx, avx2, aes, clmul, erms, 3dnowpref, lzcnt, ht, tsc, tscinvbit, bmi1, bmi2, adx, fma

Memory: 4k page, physical 8192048k(1566732k free), swap 10240048k(1640k free)

vm_info: Java HotSpot(TM) 64-Bit Server VM (10.0.1+10) for windows-amd64 JRE (10.0.1+10), built on Mar 27 2018 02:27:48 by "mach5one" with MS VC++ 12.0 (VS2013)

END.
